<?xml version="1.0" encoding="utf-8"?><testsuites name="pytest tests"><testsuite name="pytest" errors="0" failures="0" skipped="0" tests="10" time="6.507" timestamp="2026-08-14T20:12:43.946110+00:00" hostname="agent-env-d4b03c82-56d7-4125-bfb5-e6552bb68c8b"><testcase classname="tests.test_logiq_api" name="test_root" time="0.139" /><testcase classname="tests.test_logiq_api" name="test_list_puzzles" time="0.031" /><testcase classname="tests.test_logiq_api" name="test_get_puzzle_1" time="0.034" /><testcase classname="tests.test_logiq_api" name="test_get_puzzle_100" time="0.075" /><testcase classname="tests.test_logiq_api" name="test_get_puzzle_404" time="0.077" /><testcase classname="tests.test_logiq_api" name="test_daily_challenge" time="0.032" /><testcase classname="tests.test_logiq_api" name="test_daily_deterministic" time="0.113" /><testcase classname="tests.test_logiq_api" name="test_hint_stream" time="2.814" /><testcase classname="tests.test_logiq_api" name="test_explain_stream" time="2.809" /><testcase classname="tests.test_logiq_api" name="test_hint_invalid_level" time="0.076" /></testsuite></testsuites>